#
# There is insufficient memory for the Java Runtime Environment to continue.
# Native memory allocation (malloc) failed to allocate 771856 bytes for Chunk::new
# Possible reasons:
#   The system is out of physical RAM or swap space
#   The process is running with CompressedOops enabled, and the Java Heap may be blocking the growth of the native heap
# Possible solutions:
#   Reduce memory load on the system
#   Increase physical memory or swap space
#   Check if swap backing store is full
#   Decrease Java heap size (-Xmx/-Xms)
#   Decrease number of Java threads
#   Decrease Java thread stack sizes (-Xss)
#   Set larger code cache with -XX:ReservedCodeCacheSize=
#   JVM is running with Unscaled Compressed Oops mode in which the Java heap is
#     placed in the first 4GB address space. The Java Heap base address is the
#     maximum limit for the native heap growth. Please use -XX:HeapBaseMinAddress
#     to set the Java Heap base and to place the Java Heap above 4GB virtual address.
# This output file may be truncated or incomplete.
#
#  Out of Memory Error (allocation.cpp:389), pid=8984, tid=0x00000000000030fc
#
# JRE version: Java(TM) SE Runtime Environment (8.0_251-b08) (build 1.8.0_251-b08)
# Java VM: Java HotSpot(TM) 64-Bit Server VM (25.251-b08 mixed mode windows-amd64 compressed oops)
# Failed to write core dump. Minidumps are not enabled by default on client versions of Windows
#

---------------  T H R E A D  ---------------

Current thread (0x0000000017cc5800):  JavaThread "C2 CompilerThread0" daemon [_thread_in_native, id=12540, stack(0x0000000019310000,0x0000000019410000)]

Stack: [0x0000000019310000,0x0000000019410000]
[error occurred during error reporting (printing stack bounds), id 0xc0000005]

Native frames: (J=compiled Java code, j=interpreted, Vv=VM code, C=native code)


Current CompileTask:
C2:  51950 3023       4       org.yaml.snakeyaml.scanner.ScannerImpl::fetchMoreTokens (503 bytes)


---------------  P R O C E S S  ---------------

Java Threads: ( => current thread )
  0x0000000019fdd000 JavaThread "AsyncHttpClient-1-4" daemon [_thread_in_native, id=23940, stack(0x000000001cd20000,0x000000001ce20000)]
  0x0000000019fdf800 JavaThread "AsyncHttpClient-1-3" daemon [_thread_in_native, id=26832, stack(0x000000001bb20000,0x000000001bc20000)]
  0x0000000019fe1000 JavaThread "AsyncHttpClient-1-2" daemon [_thread_in_native, id=26340, stack(0x000000001bc20000,0x000000001bd20000)]
  0x0000000019fde800 JavaThread "Exec Stream Pumper" daemon [_thread_in_native, id=15136, stack(0x000000001cc20000,0x000000001cd20000)]
  0x0000000019fdc800 JavaThread "Exec Stream Pumper" daemon [_thread_in_native, id=24480, stack(0x000000001cb20000,0x000000001cc20000)]
  0x0000000019cfe800 JavaThread "UrlChecker-2" daemon [_thread_blocked, id=12660, stack(0x000000001ca20000,0x000000001cb20000)]
  0x0000000019cfa000 JavaThread "Driver Service Executor" daemon [_thread_blocked, id=23452, stack(0x000000001c920000,0x000000001ca20000)]
  0x0000000019cf9000 JavaThread "Driver Service Executor" daemon [_thread_blocked, id=8424, stack(0x000000001c820000,0x000000001c920000)]
  0x00000000196a7000 JavaThread "Exec Default Executor" daemon [_thread_in_native, id=29252, stack(0x000000001c720000,0x000000001c820000)]
  0x000000001a343000 JavaThread "AsyncHttpClient-1-1" daemon [_thread_blocked, id=12072, stack(0x000000001c020000,0x000000001c120000)]
  0x0000000019ff5800 JavaThread "ReaderThread" [_thread_in_native, id=15952, stack(0x000000001a850000,0x000000001a950000)]
  0x0000000019638800 JavaThread "Service Thread" daemon [_thread_blocked, id=16656, stack(0x0000000019a10000,0x0000000019b10000)]
  0x0000000017cd3800 JavaThread "C1 CompilerThread2" daemon [_thread_blocked, id=5932, stack(0x0000000019510000,0x0000000019610000)]
  0x0000000017ccb000 JavaThread "C2 CompilerThread1" daemon [_thread_in_native, id=30184, stack(0x0000000019410000,0x0000000019510000)]
=>0x0000000017cc5800 JavaThread "C2 CompilerThread0" daemon [_thread_in_native, id=12540, stack(0x0000000019310000,0x0000000019410000)]
  0x0000000017cc3800 JavaThread "Attach Listener" daemon [_thread_blocked, id=2384, stack(0x0000000019210000,0x0000000019310000)]
  0x0000000017cc2800 JavaThread "Signal Dispatcher" daemon [_thread_blocked, id=16764, stack(0x0000000019110000,0x0000000019210000)]
  0x0000000017caf000 JavaThread "Finalizer" daemon [_thread_blocked, id=16136, stack(0x0000000018f10000,0x0000000019010000)]
  0x00000000031c7000 JavaThread "Reference Handler" daemon [_thread_blocked, id=12068, stack(0x0000000018e10000,0x0000000018f10000)]
  0x00000000030d6000 JavaThread "Forwarding findElement on session 4fd9ed0acd6fc58e806c31ce75e85321 to remote" [_thread_blocked, id=27212, stack(0x0000000002ed0000,0x0000000002fd0000)]

Other Threads:
  0x0000000017c87800 VMThread [stack: 0x0000000018d10000,0x0000000018e10000] [id=29924]
  0x0000000017d1d800 WatcherThread [stack: 0x0000000019b10000,0x0000000019c10000] [id=27720]

VM state:not at safepoint (normal execution)

VM Mutex/Monitor currently owned by a thread: None

heap address: 0x0000000082000000, size: 2016 MB, Compressed Oops mode: 32-bit
Narrow klass base: 0x0000000000000000, Narrow klass shift: 3
Compressed class space size: 1073741824 Address: 0x0000000100000000

Heap:
 PSYoungGen      total 77824K, used 12327K [0x00000000d6000000, 0x00000000dff80000, 0x0000000100000000)
  eden space 61440K, 20% used [0x00000000d6000000,0x00000000d6c09f58,0x00000000d9c00000)
  from space 16384K, 0% used [0x00000000db780000,0x00000000db780000,0x00000000dc780000)
  to   space 28160K, 0% used [0x00000000d9c00000,0x00000000d9c00000,0x00000000db780000)
 ParOldGen       total 64000K, used 36473K [0x0000000082000000, 0x0000000085e80000, 0x00000000d6000000)
  object space 64000K, 56% used [0x0000000082000000,0x000000008439e488,0x0000000085e80000)
 Metaspace       used 25791K, capacity 27036K, committed 27264K, reserved 1073152K
  class space    used 3356K, capacity 3658K, committed 3712K, reserved 1048576K

Card table byte_map: [0x0000000012590000,0x0000000012990000] byte_map_base: 0x0000000012180000

Marking Bits: (ParMarkBitMap*) 0x00000000682daf90
 Begin Bits: [0x0000000013030000, 0x0000000014fb0000)
 End Bits:   [0x0000000014fb0000, 0x0000000016f30000)

Polling page: 0x0000000002fd0000

CodeCache: size=245760Kb used=8667Kb max_used=8667Kb free=237092Kb
 bounds [0x00000000031d0000, 0x0000000003a60000, 0x00000000121d0000]
 total_blobs=3281 nmethods=2785 adapters=407
 compilation: enabled

Compilation events (10 events):
Event: 51.892 Thread 0x0000000017cd3800 3034       3       sun.reflect.Reflection::quickCheckMemberAccess (10 bytes)
Event: 51.892 Thread 0x0000000017cd3800 nmethod 3034 0x0000000003a40150 code [0x0000000003a402c0, 0x0000000003a404e8]
Event: 51.892 Thread 0x0000000017cd3800 3032       3       java.util.ArrayList$SubList::iterator (5 bytes)
Event: 51.893 Thread 0x0000000017cd3800 nmethod 3032 0x0000000003a47f10 code [0x0000000003a480e0, 0x0000000003a486f8]
Event: 51.893 Thread 0x0000000017cd3800 3035       3       io.netty.channel.AbstractChannelHandlerContext$WriteTask::init (79 bytes)
Event: 51.894 Thread 0x0000000017cd3800 nmethod 3035 0x0000000003a4e850 code [0x0000000003a4ea20, 0x0000000003a4f0f8]
Event: 51.894 Thread 0x0000000017cd3800 3037       3       io.netty.channel.ChannelOutboundBuffer::setWritable (42 bytes)
Event: 51.894 Thread 0x0000000017cd3800 nmethod 3037 0x0000000003a4f510 code [0x0000000003a4f6c0, 0x0000000003a4fbd8]
Event: 51.894 Thread 0x0000000017cd3800 3036       3       io.netty.channel.AbstractChannelHandlerContext$WriteTask::decrementPendingOutboundBytes (25 bytes)
Event: 51.895 Thread 0x0000000017cd3800 nmethod 3036 0x0000000003a4fd90 code [0x0000000003a4ff20, 0x0000000003a50418]

GC Heap History (10 events):
Event: 50.778 GC heap before
{Heap before GC invocations=8 (full 1):
 PSYoungGen      total 49152K, used 49088K [0x00000000d6000000, 0x00000000daa00000, 0x0000000100000000)
  eden space 39936K, 100% used [0x00000000d6000000,0x00000000d8700000,0x00000000d8700000)
  from space 9216K, 99% used [0x00000000d9180000,0x00000000d9a70000,0x00000000d9a80000)
  to   space 10752K, 0% used [0x00000000d8700000,0x00000000d8700000,0x00000000d9180000)
 ParOldGen       total 64000K, used 23471K [0x0000000082000000, 0x0000000085e80000, 0x00000000d6000000)
  object space 64000K, 36% used [0x0000000082000000,0x00000000836ebed0,0x0000000085e80000)
 Metaspace       used 25600K, capacity 26876K, committed 27008K, reserved 1073152K
  class space    used 3345K, capacity 3626K, committed 3712K, reserved 1048576K
Event: 50.796 GC heap after
Heap after GC invocations=8 (full 1):
 PSYoungGen      total 50688K, used 10742K [0x00000000d6000000, 0x00000000dc780000, 0x0000000100000000)
  eden space 39936K, 0% used [0x00000000d6000000,0x00000000d6000000,0x00000000d8700000)
  from space 10752K, 99% used [0x00000000d8700000,0x00000000d917dba8,0x00000000d9180000)
  to   space 16384K, 0% used [0x00000000db780000,0x00000000db780000,0x00000000dc780000)
 ParOldGen       total 64000K, used 30731K [0x0000000082000000, 0x0000000085e80000, 0x00000000d6000000)
  object space 64000K, 48% used [0x0000000082000000,0x0000000083e02c60,0x0000000085e80000)
 Metaspace       used 25600K, capacity 26876K, committed 27008K, reserved 1073152K
  class space    used 3345K, capacity 3626K, committed 3712K, reserved 1048576K
}
Event: 50.851 GC heap before
{Heap before GC invocations=9 (full 1):
 PSYoungGen      total 50688K, used 50678K [0x00000000d6000000, 0x00000000dc780000, 0x0000000100000000)
  eden space 39936K, 100% used [0x00000000d6000000,0x00000000d8700000,0x00000000d8700000)
  from space 10752K, 99% used [0x00000000d8700000,0x00000000d917dba8,0x00000000d9180000)
  to   space 16384K, 0% used [0x00000000db780000,0x00000000db780000,0x00000000dc780000)
 ParOldGen       total 64000K, used 30731K [0x0000000082000000, 0x0000000085e80000, 0x00000000d6000000)
  object space 64000K, 48% used [0x0000000082000000,0x0000000083e02c60,0x0000000085e80000)
 Metaspace       used 25600K, capacity 26876K, committed 27008K, reserved 1073152K
  class space    used 3345K, capacity 3626K, committed 3712K, reserved 1048576K
Event: 50.875 GC heap after
Heap after GC invocations=9 (full 1):
 PSYoungGen      total 85504K, used 16379K [0x00000000d6000000, 0x00000000dd300000, 0x0000000100000000)
  eden space 69120K, 0% used [0x00000000d6000000,0x00000000d6000000,0x00000000da380000)
  from space 16384K, 99% used [0x00000000db780000,0x00000000dc77ee18,0x00000000dc780000)
  to   space 20480K, 0% used [0x00000000da380000,0x00000000da380000,0x00000000db780000)
 ParOldGen       total 64000K, used 34261K [0x0000000082000000, 0x0000000085e80000, 0x00000000d6000000)
  object space 64000K, 53% used [0x0000000082000000,0x0000000084175400,0x0000000085e80000)
 Metaspace       used 25600K, capacity 26876K, committed 27008K, reserved 1073152K
  class space    used 3345K, capacity 3626K, committed 3712K, reserved 1048576K
}
Event: 51.091 GC heap before
{Heap before GC invocations=10 (full 1):
 PSYoungGen      total 85504K, used 85499K [0x00000000d6000000, 0x00000000dd300000, 0x0000000100000000)
  eden space 69120K, 100% used [0x00000000d6000000,0x00000000da380000,0x00000000da380000)
  from space 16384K, 99% used [0x00000000db780000,0x00000000dc77ee18,0x00000000dc780000)
  to   space 20480K, 0% used [0x00000000da380000,0x00000000da380000,0x00000000db780000)
 ParOldGen       total 64000K, used 34261K [0x0000000082000000, 0x0000000085e80000, 0x00000000d6000000)
  object space 64000K, 53% used [0x0000000082000000,0x0000000084175400,0x0000000085e80000)
 Metaspace       used 25666K, capacity 26972K, committed 27264K, reserved 1073152K
  class space    used 3353K, capacity 3658K, committed 3712K, reserved 1048576K
Event: 51.154 GC heap after
Heap after GC invocations=10 (full 1):
 PSYoungGen      total 89600K, used 20473K [0x00000000d6000000, 0x00000000dd300000, 0x0000000100000000)
  eden space 69120K, 0% used [0x00000000d6000000,0x00000000d6000000,0x00000000da380000)
  from space 20480K, 99% used [0x00000000da380000,0x00000000db77e540,0x00000000db780000)
  to   space 16384K, 0% used [0x00000000db780000,0x00000000db780000,0x00000000dc780000)
 ParOldGen       total 64000K, used 47189K [0x0000000082000000, 0x0000000085e80000, 0x00000000d6000000)
  object space 64000K, 73% used [0x0000000082000000,0x0000000084e15420,0x0000000085e80000)
 Metaspace       used 25666K, capacity 26972K, committed 27264K, reserved 1073152K
  class space    used 3353K, capacity 3658K, committed 3712K, reserved 1048576K
}
Event: 51.711 GC heap before
{Heap before GC invocations=11 (full 1):
 PSYoungGen      total 89600K, used 89593K [0x00000000d6000000, 0x00000000dd300000, 0x0000000100000000)
  eden space 69120K, 100% used [0x00000000d6000000,0x00000000da380000,0x00000000da380000)
  from space 20480K, 99% used [0x00000000da380000,0x00000000db77e540,0x00000000db780000)
  to   space 16384K, 0% used [0x00000000db780000,0x00000000db780000,0x00000000dc780000)
 ParOldGen       total 64000K, used 47189K [0x0000000082000000, 0x0000000085e80000, 0x00000000d6000000)
  object space 64000K, 73% used [0x0000000082000000,0x0000000084e15420,0x0000000085e80000)
 Metaspace       used 25667K, capacity 26972K, committed 27264K, reserved 1073152K
  class space    used 3353K, capacity 3658K, committed 3712K, reserved 1048576K
Event: 51.732 GC heap after
Heap after GC invocations=11 (full 1):
 PSYoungGen      total 77824K, used 13408K [0x00000000d6000000, 0x00000000dff80000, 0x0000000100000000)
  eden space 61440K, 0% used [0x00000000d6000000,0x00000000d6000000,0x00000000d9c00000)
  from space 16384K, 81% used [0x00000000db780000,0x00000000dc498010,0x00000000dc780000)
  to   space 28160K, 0% used [0x00000000d9c00000,0x00000000d9c00000,0x00000000db780000)
 ParOldGen       total 64000K, used 52253K [0x0000000082000000, 0x0000000085e80000, 0x00000000d6000000)
  object space 64000K, 81% used [0x0000000082000000,0x0000000085307510,0x0000000085e80000)
 Metaspace       used 25667K, capacity 26972K, committed 27264K, reserved 1073152K
  class space    used 3353K, capacity 3658K, committed 3712K, reserved 1048576K
}
Event: 51.732 GC heap before
{Heap before GC invocations=12 (full 2):
 PSYoungGen      total 77824K, used 13408K [0x00000000d6000000, 0x00000000dff80000, 0x0000000100000000)
  eden space 61440K, 0% used [0x00000000d6000000,0x00000000d6000000,0x00000000d9c00000)
  from space 16384K, 81% used [0x00000000db780000,0x00000000dc498010,0x00000000dc780000)
  to   space 28160K, 0% used [0x00000000d9c00000,0x00000000d9c00000,0x00000000db780000)
 ParOldGen       total 64000K, used 52253K [0x0000000082000000, 0x0000000085e80000, 0x00000000d6000000)
  object space 64000K, 81% used [0x0000000082000000,0x0000000085307510,0x0000000085e80000)
 Metaspace       used 25667K, capacity 26972K, committed 27264K, reserved 1073152K
  class space    used 3353K, capacity 3658K, committed 3712K, reserved 1048576K
Event: 51.800 GC heap after
Heap after GC invocations=12 (full 2):
 PSYoungGen      total 77824K, used 0K [0x00000000d6000000, 0x00000000dff80000, 0x0000000100000000)
  eden space 61440K, 0% used [0x00000000d6000000,0x00000000d6000000,0x00000000d9c00000)
  from space 16384K, 0% used [0x00000000db780000,0x00000000db780000,0x00000000dc780000)
  to   space 28160K, 0% used [0x00000000d9c00000,0x00000000d9c00000,0x00000000db780000)
 ParOldGen       total 64000K, used 36473K [0x0000000082000000, 0x0000000085e80000, 0x00000000d6000000)
  object space 64000K, 56% used [0x0000000082000000,0x000000008439e488,0x0000000085e80000)
 Metaspace       used 25667K, capacity 26972K, committed 27264K, reserved 1073152K
  class space    used 3353K, capacity 3658K, committed 3712K, reserved 1048576K
}

Deoptimization events (10 events):
Event: 51.705 Thread 0x00000000030d6000 Uncommon trap: reason=unstable_if action=reinterpret pc=0x00000000038e7e4c method=java.util.LinkedHashMap.values()Ljava/util/Collection; @ 6
Event: 51.708 Thread 0x00000000030d6000 Uncommon trap: reason=unstable_if action=reinterpret pc=0x00000000039c0138 method=org.yaml.snakeyaml.scanner.ScannerImpl.scanFlowScalarNonSpaces(ZLorg/yaml/snakeyaml/error/Mark;)Ljava/lang/String; @ 73
Event: 51.710 Thread 0x00000000030d6000 Uncommon trap: reason=unstable_if action=reinterpret pc=0x0000000003973aa4 method=java.util.regex.Pattern$Slice.match(Ljava/util/regex/Matcher;ILjava/lang/CharSequence;)Z @ 29
Event: 51.801 Thread 0x00000000030d6000 Uncommon trap: reason=unstable_if action=reinterpret pc=0x00000000039d82a0 method=org.yaml.snakeyaml.scanner.ScannerImpl.unwindIndent(I)V @ 13
Event: 51.804 Thread 0x00000000030d6000 Uncommon trap: reason=unstable_if action=reinterpret pc=0x00000000039ade1c method=org.yaml.snakeyaml.scanner.ScannerImpl.scanPlain()Lorg/yaml/snakeyaml/tokens/Token; @ 212
Event: 51.810 Thread 0x00000000030d6000 Uncommon trap: reason=null_check action=make_not_entrant pc=0x00000000039f11fc method=org.yaml.snakeyaml.constructor.BaseConstructor.getConstructor(Lorg/yaml/snakeyaml/nodes/Node;)Lorg/yaml/snakeyaml/constructor/Construct; @ 37
Event: 51.811 Thread 0x00000000030d6000 Uncommon trap: reason=bimorphic action=maybe_recompile pc=0x0000000003a0e5e8 method=org.yaml.snakeyaml.constructor.BaseConstructor.constructObjectNoCheck(Lorg/yaml/snakeyaml/nodes/Node;)Ljava/lang/Object; @ 74
Event: 51.811 Thread 0x00000000030d6000 Uncommon trap: reason=unstable_if action=reinterpret pc=0x00000000039d1d0c method=org.yaml.snakeyaml.constructor.BaseConstructor.newInstance(Ljava/lang/Class;Lorg/yaml/snakeyaml/nodes/Node;Z)Ljava/lang/Object; @ 17
Event: 51.811 Thread 0x00000000030d6000 Uncommon trap: reason=bimorphic action=maybe_recompile pc=0x0000000003a162b4 method=org.yaml.snakeyaml.constructor.BaseConstructor.constructObjectNoCheck(Lorg/yaml/snakeyaml/nodes/Node;)Ljava/lang/Object; @ 74
Event: 51.852 Thread 0x00000000030d6000 Uncommon trap: reason=unstable_if action=reinterpret pc=0x00000000039f04ec method=java.util.HashMap.clear()V @ 36

Classes redefined (0 events):
No events

Internal exceptions (10 events):
Event: 10.523 Thread 0x00000000030d6000 Exception <a 'java/lang/NoSuchMethodError': java.lang.Object.lambda$getResponseFunction$0(Lorg/openqa/selenium/remote/InitialHandshakeResponse;)Lorg/openqa/selenium/remote/ProtocolHandshake$Result;> (0x00000000d60d0d50) thrown at [C:\jenkins\workspace\8-2
Event: 15.108 Thread 0x00000000030d6000 Exception <a 'java/lang/NoSuchMethodError': java.lang.Object.FIND_ELEMENT(Ljava/lang/String;Ljava/lang/Object;)Lorg/openqa/selenium/remote/CommandPayload;> (0x00000000d6c8a940) thrown at [C:\jenkins\workspace\8-2-build-windows-amd64-cygwin\jdk8u251\737\ho
Event: 15.995 Thread 0x00000000030d6000 Exception <a 'java/lang/NoSuchMethodError': java.lang.Object.lambda$static$0(Ljava/time/Duration;)V> (0x00000000d6d6a560) thrown at [C:\jenkins\workspace\8-2-build-windows-amd64-cygwin\jdk8u251\737\hotspot\src\share\vm\interpreter\linkResolver.cpp, line 6
Event: 50.364 Thread 0x00000000030d6000 Implicit null exception at 0x00000000035f4d5b to 0x00000000035f5201
Event: 50.364 Thread 0x00000000030d6000 Implicit null exception at 0x0000000003351c2f to 0x0000000003351c99
Event: 50.455 Thread 0x00000000030d6000 Implicit null exception at 0x0000000003493455 to 0x000000000349362d
Event: 51.545 Thread 0x00000000030d6000 Implicit null exception at 0x00000000039f4d8f to 0x00000000039f5119
Event: 51.705 Thread 0x00000000030d6000 Implicit null exception at 0x00000000038e7bbf to 0x00000000038e7e31
Event: 51.810 Thread 0x00000000030d6000 Implicit null exception at 0x00000000039f0e39 to 0x00000000039f11ed
Event: 51.811 Thread 0x00000000030d6000 Implicit null exception at 0x00000000039d1794 to 0x00000000039d1ce9

Events (10 events):
Event: 51.854 loading class org/apache/commons/lang3/StringUtils
Event: 51.854 loading class org/apache/commons/lang3/StringUtils done
Event: 51.873 loading class java/lang/Character$UnicodeBlock
Event: 51.875 loading class java/lang/Character$Subset
Event: 51.875 loading class java/lang/Character$Subset done
Event: 51.875 loading class java/lang/Character$UnicodeBlock done
Event: 51.879 loading class java/util/regex/Pattern$Block
Event: 51.880 loading class java/util/regex/Pattern$Block done
Event: 51.880 loading class org/apache/commons/lang3/CharSequenceUtils
Event: 51.880 loading class org/apache/commons/lang3/CharSequenceUtils done


Dynamic libraries:
0x00007ff63c690000 - 0x00007ff63c6c7000 	C:\Program Files\Java\jre1.8.0_251\bin\javaw.exe
0x00007ffd07e50000 - 0x00007ffd08045000 	C:\WINDOWS\SYSTEM32\ntdll.dll
0x00007ffd05eb0000 - 0x00007ffd05f6e000 	C:\WINDOWS\System32\KERNEL32.DLL
0x00007ffd05a90000 - 0x00007ffd05d58000 	C:\WINDOWS\System32\KERNELBASE.dll
0x00007ffd07bc0000 - 0x00007ffd07c6e000 	C:\WINDOWS\System32\ADVAPI32.dll
0x00007ffd07150000 - 0x00007ffd071ee000 	C:\WINDOWS\System32\msvcrt.dll
0x00007ffd06310000 - 0x00007ffd063ac000 	C:\WINDOWS\System32\sechost.dll
0x00007ffd06d80000 - 0x00007ffd06ea5000 	C:\WINDOWS\System32\RPCRT4.dll
0x00007ffd07c70000 - 0x00007ffd07e10000 	C:\WINDOWS\System32\USER32.dll
0x00007ffd059a0000 - 0x00007ffd059c2000 	C:\WINDOWS\System32\win32u.dll
0x00007ffd06fe0000 - 0x00007ffd0700a000 	C:\WINDOWS\System32\GDI32.dll
0x00007ffd055c0000 - 0x00007ffd056cb000 	C:\WINDOWS\System32\gdi32full.dll
0x00007ffd05d60000 - 0x00007ffd05dfd000 	C:\WINDOWS\System32\msvcp_win.dll
0x00007ffd056d0000 - 0x00007ffd057d0000 	C:\WINDOWS\System32\ucrtbase.dll
0x00007ffcf6bc0000 - 0x00007ffcf6e5a000 	C:\WINDOWS\WinSxS\amd64_microsoft.windows.common-controls_6595b64144ccf1df_6.0.19041.1110_none_60b5254171f9507e\COMCTL32.dll
0x00007ffd06430000 - 0x00007ffd06460000 	C:\WINDOWS\System32\IMM32.DLL
0x0000000068f80000 - 0x0000000069052000 	C:\Program Files\Java\jre1.8.0_251\bin\msvcr100.dll
0x0000000067ab0000 - 0x000000006835b000 	C:\Program Files\Java\jre1.8.0_251\bin\server\jvm.dll
0x00007ffd07bb0000 - 0x00007ffd07bb8000 	C:\WINDOWS\System32\PSAPI.DLL
0x00007ffcf3140000 - 0x00007ffcf3167000 	C:\WINDOWS\SYSTEM32\WINMM.dll
0x00007ffcf1720000 - 0x00007ffcf1729000 	C:\WINDOWS\SYSTEM32\WSOCK32.dll
0x00007ffcfe2c0000 - 0x00007ffcfe2ca000 	C:\WINDOWS\SYSTEM32\VERSION.dll
0x00007ffd06d10000 - 0x00007ffd06d7b000 	C:\WINDOWS\System32\WS2_32.dll
0x00007ffcfd740000 - 0x00007ffcfd74f000 	C:\Program Files\Java\jre1.8.0_251\bin\verify.dll
0x00007ffcf21b0000 - 0x00007ffcf21d9000 	C:\Program Files\Java\jre1.8.0_251\bin\java.dll
0x00007ffcf1120000 - 0x00007ffcf1136000 	C:\Program Files\Java\jre1.8.0_251\bin\zip.dll
0x00007ffd07460000 - 0x00007ffd07ba4000 	C:\WINDOWS\System32\SHELL32.dll
0x00007ffd03570000 - 0x00007ffd03d04000 	C:\WINDOWS\SYSTEM32\windows.storage.dll
0x00007ffd069b0000 - 0x00007ffd06d04000 	C:\WINDOWS\System32\combase.dll
0x00007ffd04f10000 - 0x00007ffd04f3c000 	C:\WINDOWS\SYSTEM32\Wldp.dll
0x00007ffd071f0000 - 0x00007ffd0729d000 	C:\WINDOWS\System32\SHCORE.dll
0x00007ffd070f0000 - 0x00007ffd07145000 	C:\WINDOWS\System32\shlwapi.dll
0x00007ffd054b0000 - 0x00007ffd054cf000 	C:\WINDOWS\SYSTEM32\profapi.dll
0x00007ffcf1100000 - 0x00007ffcf111a000 	C:\Program Files\Java\jre1.8.0_251\bin\net.dll
0x00007ffd04c70000 - 0x00007ffd04cda000 	C:\WINDOWS\system32\mswsock.dll
0x00007ffd049b0000 - 0x00007ffd04a7b000 	C:\WINDOWS\SYSTEM32\DNSAPI.dll
0x00007ffd04960000 - 0x00007ffd0499b000 	C:\WINDOWS\SYSTEM32\IPHLPAPI.DLL
0x00007ffd06930000 - 0x00007ffd06938000 	C:\WINDOWS\System32\NSI.dll
0x00007ffcf3970000 - 0x00007ffcf397a000 	C:\Windows\System32\rasadhlp.dll
0x00007ffcf3d70000 - 0x00007ffcf3def000 	C:\WINDOWS\System32\fwpuclnt.dll
0x00007ffd05a60000 - 0x00007ffd05a87000 	C:\WINDOWS\System32\bcrypt.dll
0x00007ffd04e70000 - 0x00007ffd04e88000 	C:\WINDOWS\SYSTEM32\CRYPTSP.dll
0x00007ffd045f0000 - 0x00007ffd04624000 	C:\WINDOWS\system32\rsaenh.dll
0x00007ffd05470000 - 0x00007ffd0549e000 	C:\WINDOWS\SYSTEM32\USERENV.dll
0x00007ffd059d0000 - 0x00007ffd05a52000 	C:\WINDOWS\System32\bcryptprimitives.dll
0x00007ffd04e60000 - 0x00007ffd04e6c000 	C:\WINDOWS\SYSTEM32\CRYPTBASE.dll
0x00007ffcfc660000 - 0x00007ffcfc677000 	C:\WINDOWS\SYSTEM32\dhcpcsvc6.DLL
0x00007ffcfd150000 - 0x00007ffcfd16d000 	C:\WINDOWS\SYSTEM32\dhcpcsvc.DLL
0x00007ffcf10e0000 - 0x00007ffcf10f2000 	C:\Program Files\Java\jre1.8.0_251\bin\nio.dll
0x00007ffce42b0000 - 0x00007ffce42d4000 	C:\Program Files\Java\jre1.8.0_251\bin\sunec.dll
0x00007ffcfbc50000 - 0x00007ffcfbc5c000 	C:\Program Files\Java\jre1.8.0_251\bin\sunmscapi.dll
0x00007ffd05840000 - 0x00007ffd05996000 	C:\WINDOWS\System32\CRYPT32.dll
0x00007ffd04f80000 - 0x00007ffd04fa7000 	C:\WINDOWS\SYSTEM32\ncrypt.dll
0x00007ffd04f40000 - 0x00007ffd04f7b000 	C:\WINDOWS\SYSTEM32\NTASN1.dll
0x00007ffcfa340000 - 0x00007ffcfa34d000 	C:\Program Files\Java\jre1.8.0_251\bin\management.dll
0x00007ffcf0c10000 - 0x00007ffcf0c27000 	C:\WINDOWS\system32\napinsp.dll
0x00007ffcf0b20000 - 0x00007ffcf0b3b000 	C:\WINDOWS\system32\pnrpnsp.dll
0x00007ffcf0720000 - 0x00007ffcf0735000 	C:\WINDOWS\system32\wshbth.dll
0x00007ffd021a0000 - 0x00007ffd021bd000 	C:\WINDOWS\system32\NLAapi.dll
0x00007ffcf0960000 - 0x00007ffcf0972000 	C:\WINDOWS\System32\winrnr.dll

VM Arguments:
jvm_args: -ea -Dfile.encoding=Cp1252 
java_command: org.testng.remote.RemoteTestNG -serport 59459 -protocol json -d C:\Users\VISHAKAN\eclipse-workspace\Numpy\test-output C:\Users\VISHAKAN\AppData\Local\Temp\testng-eclipse-95594611\testng-customsuite.xml
java_class_path (initial): C:\Users\VISHAKAN\eclipse\java-2020-034\eclipse\configuration\org.eclipse.osgi\955\0\.cp\lib\testng-remote.jar;C:\Users\VISHAKAN\eclipse-workspace\Numpy\target\test-classes;C:\Users\VISHAKAN\eclipse-workspace\Numpy\target\classes;C:\Users\VISHAKAN\.p2\pool\plugins\org.testng_7.4.0.r202105021533.jar;C:\Users\VISHAKAN\.p2\pool\plugins\com.beust.jcommander_1.78.0.jar;C:\Users\VISHAKAN\.p2\pool\plugins\org.apache-extras.beanshell.bsh_2.0.0.b6.jar;C:\Users\VISHAKAN\.p2\pool\plugins\org.yaml.snakeyaml_1.21.0.jar;C:\Users\VISHAKAN\.p2\pool\plugins\org.webjars.jquery_3.5.1.jar;C:\Users\VISHAKAN\.m2\repository\org\seleniumhq\selenium\selenium-java\4.1.2\selenium-java-4.1.2.jar;C:\Users\VISHAKAN\.m2\repository\org\seleniumhq\selenium\selenium-api\4.1.2\selenium-api-4.1.2.jar;C:\Users\VISHAKAN\.m2\repository\org\seleniumhq\selenium\selenium-chrome-driver\4.1.2\selenium-chrome-driver-4.1.2.jar;C:\Users\VISHAKAN\.m2\repository\com\google\auto\service\auto-service-annotations\1.0.1\auto-service-annotations-1.0.1.jar;C:\Users\VISHAKAN\.m2\repository\com\google\auto\service\auto-service\1.0.1\auto-service-1.0.1.jar;C:\Users\VISHAKAN\.m2\repository\com\google\auto\auto-common\1.2\auto-common-1.2.jar;C:\Users\VISHAKAN\.m2\repository\com\google\guava\guava\31.0.1-jre\guava-31.0.1-jre.jar;C:\Users\VISHAKAN\.m2\repository\com\google\guava\failureaccess\1.0.1\failureaccess-1.0.1.jar;C:\Users\VISHAKAN\.m2\repository\com\google\guava\listenablefuture\9999.0-empty-to-avoid-conflict-with-guava\listenablefuture-9999.0-empty-to-avoid-conflict-with-guava.jar;C:\Users\VISHAKAN\.m2\repository\com\google\code\findbugs\jsr305\3.0.2\jsr305-3.0.2.jar;C:\Users\VISHAKAN\.m2\repository\org\checkerframework\checker-qual\3.12.0\checker-qual-3.12.0.jar;C:\Users\VISHAKAN\.m2\repository\com\google\errorprone\error_prone_annotations\2.7.1\error_prone_annotations-2.7.1.jar;C:\Users\VISHAKAN\.m2\repository\com\google\j2objc\j2objc-annotations\1.3\j2objc-annotations-1.3.jar;C:\Users\
Launcher Type: SUN_STANDARD

Environment Variables:
JAVA_HOME=C:\Program Files\Java\jdk-11.0.14
PATH=C:/Program Files/Java/jdk-11.0.14/bin/server;C:/Program Files/Java/jdk-11.0.14/bin;C:\Program Files\Common Files\Oracle\Java1\javapath1;C:\Program Files (x86)\Common Files\Oracle\Java\javapath1;C:\Program Files\Microsoft MPI\Bin\;C:\Program Files (x86)\Intel\iCLS Client\;C:\Program Files\Intel\iCLS Client\;C:\WINDOWS\system32;C:\WINDOWS;C:\WINDOWS\System32\Wbem;C:\WINDOWS\System32\WindowsPowerShell\v1.0\;C:\Program Files (x86)\Intel\Intel(R) Management Engine Components\DAL;C:\Program Files\Intel\Intel(R) Management Engine Components\DAL;C:\Program Files (x86)\Intel\Intel(R) Management Engine Components\IPT;C:\Program Files\Intel\Intel(R) Management Engine Components\IPT;C:\Program Files\Microsoft SQL Server\120\Tools\Binn\;C:\Program Files\Microsoft SQL Server\130\Tools\Binn\;C:\Program Files\Microsoft SQL Server\Client SDK\ODBC\130\Tools\Binn\;C:\Program Files (x86)\Microsoft SQL Server\130\Tools\Binn\;C:\Program Files\Microsoft SQL Server\130\DTS\Binn\;C:\Program Files (x86)\Microsoft SQL Server\Client SDK\ODBC\130\Tools\Binn\;C:\Program Files (x86)\Microsoft SQL Server\140\Tools\Binn\;C:\Program Files (x86)\Microsoft SQL Server\140\DTS\Binn\;C:\Program Files (x86)\Microsoft SQL Server\140\Tools\Binn\ManagementStudio\;C:\WINDOWS\System32\OpenSSH\;C:\Program Files\Microsoft\Web Platform Installer\;C:\Program Files (x86)\Microsoft ASP.NET\ASP.NET Web Pages\v1.0\;C:\Program Files (x86)\Windows Kits\8.0\Windows Performance Toolkit\;C:\Program Files\Microsoft SQL Server\110\Tools\Binn\;C:\Program Files\Java\jdk-11.0.14\bin;C:\Program Files\Git\cmd;C:\Program Files\TortoiseGit\bin;C:\Program Files\dotnet\;C:\Users\VISHAKAN\AppData\Local\Programs\Python\Python39\Scripts\;C:\Users\VISHAKAN\AppData\Local\Programs\Python\Python39\;C:\Users\VISHAKAN\AppData\Local\Microsoft\WindowsApps;C:\Users\VISHAKAN\AppData\Local\Programs\Microsoft VS Code\bin;C:\Program Files\apache-maven-3.8.5-bin\apache-maven-3.8.5\bin;;C:\WINDOWS\System32;
USERNAME=VISHAKAN
OS=Windows_NT
PROCESSOR_IDENTIFIER=Intel64 Family 6 Model 142 Stepping 9, GenuineIntel



---------------  S Y S T E M  ---------------

OS: Windows 10.0 , 64 bit Build 19041 (10.0.19041.1645)

CPU:total 4 (initial active 4) (2 cores per cpu, 2 threads per core) family 6 model 142 stepping 9, cmov, cx8, fxsr, mmx, sse, sse2, sse3, ssse3, sse4.1, sse4.2, popcnt, avx, avx2, aes, clmul, erms, 3dnowpref, lzcnt, ht, tsc, tscinvbit, bmi1, bmi2, adx

Memory: 4k page, physical 8255104k(317240k free), swap 8255104k(5776k free)

vm_info: Java HotSpot(TM) 64-Bit Server VM (25.251-b08) for windows-amd64 JRE (1.8.0_251-b08), built on Mar 12 2020 06:31:49 by "" with MS VC++ 10.0 (VS2010)

time: Thu May 05 11:43:51 2022
timezone: Central Daylight Time
elapsed time: 51 seconds (0d 0h 0m 51s)

